2024-09-28 13:30:25,822 - INFO - PLACE BUY ORDER for MASTER1
2024-09-28 13:30:25,825 - INFO - BUY ORDER Rejected for MASTER1
2024-09-28 14:44:02,083 - INFO - PLACE BUY ORDER for MASTER1
2024-09-28 14:44:02,087 - INFO - BUY ORDER Rejected for MASTER1
2024-09-28 14:50:22,486 - INFO - PLACE BUY ORDER for MASTER1
2024-09-28 14:50:22,492 - INFO - BUY ORDER Rejected for MASTER1
2024-09-28 15:32:47,182 - INFO - PLACE BUY ORDER for MASTER1
2024-09-28 15:32:47,189 - INFO - BUY ORDER Rejected for MASTER1
2024-09-28 15:34:33,470 - INFO - PLACE BUY ORDER for MASTER1
2024-09-28 15:34:33,477 - INFO - PLACE BUY ORDER for Child2
2024-09-28 15:34:33,482 - INFO - BUY ORDER Rejected for MASTER1
2024-09-28 15:34:33,483 - INFO - BUY ORDER Rejected for Child2
2024-09-28 15:38:06,457 - INFO - PLACE SELL ORDER for MASTER1
2024-09-28 15:38:06,458 - INFO - PLACE SELL ORDER for Child2
2024-09-28 16:45:00,894 - INFO - PLACE BUY ORDER for MASTER1
2024-09-28 16:45:00,894 - INFO - PLACE BUY ORDER for Child2
2024-09-28 16:45:00,896 - INFO - BUY ORDER Rejected for Child2
2024-09-28 16:45:00,896 - INFO - BUY ORDER Rejected for MASTER1
2024-09-28 16:49:32,668 - INFO - PLACE BUY ORDER for MASTER1
2024-09-28 16:49:32,673 - INFO - BUY ORDER Rejected for MASTER1
2024-09-28 17:18:08,698 - INFO - PLACE BUY ORDER for Child2
2024-09-28 17:18:08,702 - INFO - BUY ORDER Rejected for Child2
2024-09-28 17:18:47,322 - INFO - PLACE BUY ORDER for MASTER1
2024-09-28 17:18:47,323 - INFO - PLACE BUY ORDER for Child2
2024-09-28 17:18:47,330 - INFO - BUY ORDER Rejected for MASTER1
2024-09-28 17:18:47,331 - INFO - BUY ORDER Rejected for Child2
2024-09-28 17:19:32,768 - INFO - PLACE BUY ORDER for Child2
2024-09-28 17:19:32,771 - INFO - BUY ORDER Rejected for MASTER1
2024-09-28 17:19:32,772 - INFO - BUY ORDER Rejected for Child2
2024-09-28 17:20:08,221 - INFO - PLACE BUY ORDER for Child2
2024-09-28 17:20:08,227 - INFO - BUY ORDER Rejected for Child2
2024-09-28 17:26:04,151 - INFO - PLACE BUY ORDER for MASTER1
2024-09-28 17:26:04,156 - INFO - BUY ORDER Rejected for MASTER1
2024-09-28 17:33:09,292 - INFO - PLACE BUY ORDER for MASTER1
2024-09-28 17:33:09,295 - INFO - BUY ORDER Rejected for MASTER1
2024-09-28 17:36:44,614 - INFO - PLACE BUY ORDER for MASTER1
2024-09-28 17:36:44,620 - INFO - BUY ORDER Rejected for MASTER1
2024-09-28 17:37:08,547 - INFO - PLACE BUY ORDER for Child2
2024-09-28 17:37:08,550 - INFO - PLACE BUY ORDER for MASTER1
2024-09-28 17:37:08,553 - INFO - BUY ORDER Rejected for Child2
2024-09-28 17:37:08,554 - INFO - BUY ORDER Rejected for MASTER1
2024-09-28 17:38:58,444 - INFO - PLACE BUY ORDER for MASTER1
2024-09-28 17:38:58,447 - INFO - BUY ORDER Rejected for MASTER1
2024-09-28 17:39:56,808 - INFO - PLACE BUY ORDER for Child2
2024-09-28 17:39:56,813 - INFO - PLACE BUY ORDER for MASTER1
2024-09-28 17:39:56,817 - INFO - BUY ORDER Rejected for Child2
2024-09-28 17:39:56,819 - INFO - BUY ORDER Rejected for MASTER1
