2025-09-11 00:08:05,695 - INFO - Downloading master files...
2025-09-11 00:08:05,696 - INFO - Finding expiry dates...
2025-09-11 00:08:05,831 - INFO - System initialization completed successfully
2025-09-11 00:08:07,592 - ERROR - Login failed for account 1: 'NoneType' object has no attribute 'get'
2025-09-11 00:12:10,903 - INFO - Downloading master files...
2025-09-11 00:12:10,903 - INFO - Finding expiry dates...
2025-09-11 00:12:11,000 - INFO - System initialization completed successfully
2025-09-11 00:12:11,844 - INFO - Master account initialized successfully
2025-09-11 00:15:47,013 - ERROR - Login failed for account 2: 'NoneType' object has no attribute 'get'
2025-09-11 00:17:01,823 - ERROR - Login failed for account 2: 'NoneType' object has no attribute 'get'
2025-09-11 00:17:12,714 - INFO - Application interrupted by user
2025-09-11 00:18:57,318 - INFO - Downloading master files...
2025-09-11 00:18:57,318 - INFO - Finding expiry dates...
2025-09-11 00:18:57,412 - INFO - System initialization completed successfully
2025-09-11 00:18:58,348 - INFO - Master account initialized successfully
2025-09-11 00:29:41,089 - INFO - Downloading master files...
2025-09-11 00:29:41,089 - INFO - Finding expiry dates...
2025-09-11 00:29:41,192 - INFO - System initialization completed successfully
2025-09-11 00:29:41,259 - ERROR - Unexpected error: type object 'Config' has no attribute 'get_all_credentials'
2025-09-11 00:29:55,894 - INFO - Downloading master files...
2025-09-11 00:29:55,896 - INFO - Finding expiry dates...
2025-09-11 00:29:55,989 - INFO - System initialization completed successfully
2025-09-11 00:29:56,070 - ERROR - Unexpected error: type object 'Config' has no attribute 'get_all_credentials'
2025-09-11 00:30:22,409 - INFO - Downloading master files...
2025-09-11 00:30:22,411 - INFO - Finding expiry dates...
2025-09-11 00:30:22,518 - INFO - System initialization completed successfully
2025-09-11 00:30:22,612 - ERROR - Unexpected error: type object 'Config' has no attribute 'get_all_credentials'
2025-09-11 00:30:32,941 - INFO - Downloading master files...
2025-09-11 00:30:32,941 - INFO - Finding expiry dates...
2025-09-11 00:30:33,029 - INFO - System initialization completed successfully
2025-09-11 00:30:33,112 - ERROR - Unexpected error: type object 'Config' has no attribute 'get_all_credentials'
2025-09-11 00:31:02,199 - INFO - Downloading master files...
2025-09-11 00:31:02,199 - INFO - Finding expiry dates...
2025-09-11 00:31:02,280 - INFO - System initialization completed successfully
2025-09-11 00:31:03,183 - INFO - Master account initialized successfully
2025-09-11 00:31:17,644 - INFO - Downloading master files...
2025-09-11 00:31:17,646 - INFO - Finding expiry dates...
2025-09-11 00:31:17,757 - INFO - System initialization completed successfully
2025-09-11 00:31:18,686 - INFO - Master account initialized successfully
2025-09-11 00:31:27,817 - INFO - Downloading master files...
2025-09-11 00:31:27,817 - INFO - Finding expiry dates...
2025-09-11 00:31:27,903 - INFO - System initialization completed successfully
2025-09-11 00:31:28,874 - INFO - Master account initialized successfully
2025-09-11 00:31:56,936 - INFO - Application interrupted by user
2025-09-11 00:32:25,125 - INFO - Downloading master files...
2025-09-11 00:32:25,125 - INFO - Finding expiry dates...
2025-09-11 00:32:25,212 - INFO - System initialization completed successfully
2025-09-11 00:32:26,002 - INFO - Master account initialized successfully
2025-09-11 00:32:33,907 - INFO - Fetched NIFTY price: 24973.1
2025-09-11 00:32:33,907 - INFO - Updated strikes for NIFTY based on price 24973.1: [24600, 24650, 24700, 24750, 24800, 24850, 24900, 24950, 25000, 25050, 25100, 25150, 25200, 25250, 25300]
2025-09-11 00:32:41,007 - INFO - Fetched SENSEX price: 81425.15
2025-09-11 00:32:41,007 - INFO - Updated strikes for SENSEX based on price 81425.15: [80700, 80800, 80900, 81000, 81100, 81200, 81300, 81400, 81500, 81600, 81700, 81800, 81900, 82000, 82100]
2025-09-11 00:39:36,113 - ERROR - Error placing order: 'NoneType' object has no attribute 'get'
2025-09-11 00:41:50,234 - INFO - Downloading master files...
2025-09-11 00:41:50,234 - INFO - Finding expiry dates...
2025-09-11 00:41:50,324 - INFO - System initialization completed successfully
2025-09-11 00:41:51,229 - INFO - Master account initialized successfully
2025-09-11 00:43:05,545 - INFO - Fetched SENSEX price: 81425.15
2025-09-11 00:43:05,545 - INFO - Updated strikes for SENSEX based on price 81425.15: [80700, 80800, 80900, 81000, 81100, 81200, 81300, 81400, 81500, 81600, 81700, 81800, 81900, 82000, 82100]
2025-09-11 00:43:11,891 - INFO - Fetched SENSEX price: 81425.15
2025-09-11 00:43:15,533 - INFO - Manually refreshed strikes for SENSEX at price 81425.15
2025-09-11 00:43:25,698 - INFO - Active accounts: [1]
2025-09-11 00:43:25,700 - INFO - Placing buy orders for accounts: [1]
2025-09-11 00:43:25,700 - INFO - Trading symbol: SENSEX11SEP2581300PE, Price: 95.7
2025-09-11 00:43:25,701 - INFO - Quantities: [20]
2025-09-11 00:43:26,258 - ERROR - Order placement failed: None
2025-09-11 00:45:08,148 - INFO - Downloading master files...
2025-09-11 00:45:08,149 - INFO - Finding expiry dates...
2025-09-11 00:45:08,263 - INFO - System initialization completed successfully
2025-09-11 00:45:09,272 - INFO - Master account initialized successfully
2025-09-11 00:45:49,625 - INFO - Downloading master files...
2025-09-11 00:45:49,629 - INFO - Finding expiry dates...
2025-09-11 00:45:49,745 - INFO - System initialization completed successfully
2025-09-11 00:45:50,859 - INFO - Master account initialized successfully
2025-09-11 00:46:45,411 - INFO - Downloading master files...
2025-09-11 00:46:45,411 - INFO - Finding expiry dates...
2025-09-11 00:46:45,519 - INFO - System initialization completed successfully
2025-09-11 00:46:45,784 - INFO - Generated fresh 2FA for account 1: 319973
2025-09-11 00:46:46,388 - INFO - Master account initialized successfully
2025-09-11 00:55:43,206 - INFO - Generated fresh 2FA for account 1: 089683
2025-09-11 00:55:43,950 - INFO - Master account initialized successfully
2025-09-11 01:01:10,713 - INFO - Downloading master files...
2025-09-11 01:01:10,713 - INFO - Finding expiry dates...
2025-09-11 01:01:10,819 - INFO - System initialization completed successfully
2025-09-11 01:01:11,098 - INFO - Generated fresh 2FA for account 1: 818319
2025-09-11 01:01:11,830 - INFO - Master account initialized successfully
2025-09-11 01:02:13,829 - INFO - Fetched SENSEX price: 81425.15
2025-09-11 01:02:13,829 - INFO - Updated strikes for SENSEX based on price 81425.15: [80700, 80800, 80900, 81000, 81100, 81200, 81300, 81400, 81500, 81600, 81700, 81800, 81900, 82000, 82100]
2025-09-11 01:02:20,225 - INFO - Getting token for trading symbol: SENSEX2591181200C
2025-09-11 01:02:20,225 - ERROR - Error getting token for SENSEX2591181200C: time data '911' does not match format '%b'
2025-09-11 01:02:20,270 - ERROR - Traceback: Traceback (most recent call last):
  File "C:\Users\krati\PycharmProjects\MasterChild_GUI\market_data\symbol_manager.py", line 57, in get_token
    bfo_trading_symbol = self._convert_sensex_format(trading_symbol)
                         ^^^^^^^^^^^^^^^^^^^^^^^^^^^^^^^^^^^^^^^^^^^
  File "C:\Users\krati\PycharmProjects\MasterChild_GUI\market_data\symbol_manager.py", line 120, in _convert_sensex_format
    month = datetime.strptime(month_str, "%b").month
            ^^^^^^^^^^^^^^^^^^^^^^^^^^^^^^^^^^
  File "C:\Users\krati\AppData\Local\Programs\Python\Python312\Lib\_strptime.py", line 555, in _strptime_datetime
    tt, fraction, gmtoff_fraction = _strptime(data_string, format)
                                    ^^^^^^^^^^^^^^^^^^^^^^^^^^^^^^
  File "C:\Users\krati\AppData\Local\Programs\Python\Python312\Lib\_strptime.py", line 333, in _strptime
    raise ValueError("time data %r does not match format %r" %
ValueError: time data '911' does not match format '%b'

2025-09-11 01:04:34,179 - INFO - Downloading master files...
2025-09-11 01:04:34,182 - INFO - Finding expiry dates...
2025-09-11 01:04:34,291 - INFO - System initialization completed successfully
2025-09-11 01:04:34,594 - INFO - Generated fresh 2FA for account 1: 836381
2025-09-11 01:04:35,286 - INFO - Master account initialized successfully
2025-09-11 01:05:30,765 - INFO - Fetched SENSEX price: 81425.15
2025-09-11 01:05:30,767 - INFO - Updated strikes for SENSEX based on price 81425.15: [80700, 80800, 80900, 81000, 81100, 81200, 81300, 81400, 81500, 81600, 81700, 81800, 81900, 82000, 82100]
2025-09-11 01:05:39,818 - INFO - Getting token for trading symbol: SENSEX2591181200CE
2025-09-11 01:05:39,818 - ERROR - Error getting token for SENSEX2591181200CE: time data '911' does not match format '%b'
2025-09-11 01:05:39,818 - ERROR - Traceback: Traceback (most recent call last):
  File "C:\Users\krati\PycharmProjects\MasterChild_GUI\market_data\symbol_manager.py", line 57, in get_token
    bfo_trading_symbol = self._convert_sensex_format(trading_symbol)
                         ^^^^^^^^^^^^^^^^^^^^^^^^^^^^^^^^^^^^^^^^^^^
  File "C:\Users\krati\PycharmProjects\MasterChild_GUI\market_data\symbol_manager.py", line 120, in _convert_sensex_format
    month = datetime.strptime(month_str, "%b").month
            ^^^^^^^^^^^^^^^^^^^^^^^^^^^^^^^^^^
  File "C:\Users\krati\AppData\Local\Programs\Python\Python312\Lib\_strptime.py", line 555, in _strptime_datetime
    tt, fraction, gmtoff_fraction = _strptime(data_string, format)
                                    ^^^^^^^^^^^^^^^^^^^^^^^^^^^^^^
  File "C:\Users\krati\AppData\Local\Programs\Python\Python312\Lib\_strptime.py", line 333, in _strptime
    raise ValueError("time data %r does not match format %r" %
ValueError: time data '911' does not match format '%b'

2025-09-11 01:09:28,915 - INFO - Downloading master files...
2025-09-11 01:09:28,917 - INFO - Finding expiry dates...
2025-09-11 01:09:29,000 - INFO - System initialization completed successfully
2025-09-11 01:09:29,279 - INFO - Generated fresh 2FA for account 1: 621081
2025-09-11 01:09:29,828 - INFO - Master account initialized successfully
2025-09-11 01:09:58,306 - INFO - Fetched SENSEX price: 81425.15
2025-09-11 01:09:58,306 - INFO - Updated strikes for SENSEX based on price 81425.15: [80700, 80800, 80900, 81000, 81100, 81200, 81300, 81400, 81500, 81600, 81700, 81800, 81900, 82000, 82100]
2025-09-11 01:10:12,434 - INFO - Getting token for trading symbol: SENSEX2591181200CE
2025-09-11 01:10:12,445 - INFO - Found token for SENSEX2591181200CE: 859358
2025-09-11 01:10:20,270 - INFO - Active accounts: [1]
2025-09-11 01:10:20,270 - INFO - Placing buy orders for accounts: [1]
2025-09-11 01:10:20,270 - INFO - Trading symbol: SENSEX2591181200CE, Price: 409.45
2025-09-11 01:10:20,270 - INFO - Quantities: [20]
2025-09-11 01:10:20,270 - INFO - Placing order with parameters: {'buy_or_sell': 'B', 'product_type': 'I', 'exchange': 'BFO', 'tradingsymbol': 'SENSEX2591181200CE', 'quantity': 20, 'discloseqty': 0, 'price_type': 'MIS', 'price': 409.45, 'trigger_price': None, 'retention': 'DAY', 'amo': 'NO', 'remarks': None}
2025-09-11 01:10:20,468 - INFO - Getting token for trading symbol: SENSEX2591181200CE
2025-09-11 01:10:20,468 - INFO - Found token for SENSEX2591181200CE: 859358
2025-09-11 01:10:20,468 - INFO - Token for SENSEX2591181200CE: 859358
2025-09-11 01:10:20,468 - ERROR - API authentication check failed: 'ShoonyaApiPy' object has no attribute 'get_user_details'
2025-09-11 01:10:20,967 - INFO - API response: None
2025-09-11 01:10:20,969 - INFO - API response type: <class 'NoneType'>
2025-09-11 01:10:20,969 - ERROR - Order placement failed: None
2025-09-11 01:12:48,738 - INFO - Downloading master files...
2025-09-11 01:12:48,738 - INFO - Finding expiry dates...
2025-09-11 01:12:48,847 - INFO - System initialization completed successfully
2025-09-11 01:12:49,132 - INFO - Generated fresh 2FA for account 1: 275707
2025-09-11 01:12:49,727 - INFO - Master account initialized successfully
2025-09-11 01:12:55,691 - INFO - Fetched SENSEX price: 81425.15
2025-09-11 01:12:55,691 - INFO - Updated strikes for SENSEX based on price 81425.15: [80700, 80800, 80900, 81000, 81100, 81200, 81300, 81400, 81500, 81600, 81700, 81800, 81900, 82000, 82100]
2025-09-11 01:13:03,314 - INFO - Getting token for trading symbol: SENSEX2591181200CE
2025-09-11 01:13:03,314 - INFO - Found token for SENSEX2591181200CE: 859358
2025-09-11 01:13:07,406 - INFO - Active accounts: [1]
2025-09-11 01:13:07,406 - INFO - Placing buy orders for accounts: [1]
2025-09-11 01:13:07,406 - INFO - Trading symbol: SENSEX2591181200CE, Price: 409.45
2025-09-11 01:13:07,406 - INFO - Quantities: [20]
2025-09-11 01:13:07,406 - INFO - Placing order with parameters: {'buy_or_sell': 'B', 'product_type': 'I', 'exchange': 'BFO', 'tradingsymbol': 'SENSEX2591181200CE', 'quantity': 20, 'discloseqty': 0, 'price_type': 'MIS', 'price': 409.45, 'trigger_price': None, 'retention': 'DAY', 'amo': 'NO', 'remarks': None}
2025-09-11 01:13:07,605 - INFO - Getting token for trading symbol: SENSEX2591181200CE
2025-09-11 01:13:07,608 - INFO - Found token for SENSEX2591181200CE: 859358
2025-09-11 01:13:07,608 - INFO - Token for SENSEX2591181200CE: 859358
2025-09-11 01:13:07,610 - ERROR - API authentication check failed: 'ShoonyaApiPy' object has no attribute 'get_orderbook'
2025-09-11 01:13:08,143 - INFO - API response: None
2025-09-11 01:13:08,144 - INFO - API response type: <class 'NoneType'>
2025-09-11 01:13:08,144 - ERROR - Order placement failed: None
2025-09-11 01:14:51,375 - INFO - Downloading master files...
2025-09-11 01:14:51,375 - INFO - Finding expiry dates...
2025-09-11 01:14:51,462 - INFO - System initialization completed successfully
2025-09-11 01:14:51,722 - INFO - Generated fresh 2FA for account 1: 289053
2025-09-11 01:14:52,303 - INFO - Master account initialized successfully
2025-09-11 01:15:02,198 - INFO - Fetched SENSEX price: 81425.15
2025-09-11 01:15:02,198 - INFO - Updated strikes for SENSEX based on price 81425.15: [80700, 80800, 80900, 81000, 81100, 81200, 81300, 81400, 81500, 81600, 81700, 81800, 81900, 82000, 82100]
2025-09-11 01:15:07,998 - INFO - Getting token for trading symbol: SENSEX2591181200CE
2025-09-11 01:15:08,002 - INFO - Found token for SENSEX2591181200CE: 859358
2025-09-11 01:15:11,197 - INFO - Active accounts: [1]
2025-09-11 01:15:11,197 - INFO - Placing buy orders for accounts: [1]
2025-09-11 01:15:11,197 - INFO - Trading symbol: SENSEX2591181200CE, Price: 409.45
2025-09-11 01:15:11,197 - INFO - Quantities: [20]
2025-09-11 01:15:11,197 - INFO - Placing order with parameters: {'buy_or_sell': 'B', 'product_type': 'I', 'exchange': 'BFO', 'tradingsymbol': 'SENSEX2591181200CE', 'quantity': 20, 'discloseqty': 0, 'price_type': 'MIS', 'price': 409.45, 'trigger_price': None, 'retention': 'DAY', 'amo': 'NO', 'remarks': None}
2025-09-11 01:15:11,690 - INFO - API response: None
2025-09-11 01:15:11,690 - INFO - API response type: <class 'NoneType'>
2025-09-11 01:15:11,690 - ERROR - Order placement failed: None
2025-09-11 01:21:21,726 - INFO - Downloading master files...
2025-09-11 01:21:21,730 - INFO - Finding expiry dates...
2025-09-11 01:21:21,822 - INFO - System initialization completed successfully
2025-09-11 01:21:22,112 - INFO - Generated fresh 2FA for account 1: 270446
2025-09-11 01:21:22,623 - INFO - Master account initialized successfully
2025-09-11 01:21:30,260 - INFO - Fetched SENSEX price: 81425.15
2025-09-11 01:21:30,261 - INFO - Updated strikes for SENSEX based on price 81425.15: [80700, 80800, 80900, 81000, 81100, 81200, 81300, 81400, 81500, 81600, 81700, 81800, 81900, 82000, 82100]
2025-09-11 01:21:36,595 - INFO - Getting token for trading symbol: SENSEX2591181200CE
2025-09-11 01:21:36,608 - INFO - Found token for SENSEX2591181200CE: 859358
2025-09-11 01:21:40,597 - INFO - Active accounts: [1]
2025-09-11 01:21:40,598 - INFO - Placing buy orders for accounts: [1]
2025-09-11 01:21:40,598 - INFO - Trading symbol: SENSEX2591181200CE, Price: 409.45
2025-09-11 01:21:40,598 - INFO - Quantities: [20]
2025-09-11 01:21:40,599 - INFO - Placing order with parameters: {'buy_or_sell': 'B', 'product_type': 'I', 'exchange': 'BFO', 'tradingsymbol': 'SENSEX2591181200CE', 'quantity': 20, 'discloseqty': 0, 'price_type': 'LMT', 'price': 409.45, 'trigger_price': None, 'retention': 'DAY', 'amo': 'NO', 'remarks': None}
2025-09-11 01:21:41,132 - INFO - API response: {'request_time': '01:21:42 11-09-2025', 'stat': 'Ok', 'norenordno': '25091000473320'}
2025-09-11 01:21:41,132 - INFO - API response type: <class 'dict'>
2025-09-11 01:21:41,132 - INFO - New order received: 25091000473320
2025-09-11 01:21:41,132 - INFO - Buy order placed successfully: {'request_time': '01:21:42 11-09-2025', 'stat': 'Ok', 'norenordno': '25091000473320'}
2025-09-11 01:21:41,132 - INFO - New order received: 25091000473320
2025-09-11 01:21:41,152 - INFO - Updating order 25091000473320
2025-09-11 01:21:41,155 - ERROR - Error processing order update for account 1: Must have equal len keys and value when setting with an iterable
2025-09-11 01:21:41,155 - ERROR - Error processing order update for account 1: Must have equal len keys and value when setting with an iterable
2025-09-11 01:21:41,161 - INFO - Order data saved to orders.csv
2025-09-11 01:21:41,161 - INFO - Order data saved to orders.csv
2025-09-11 01:21:41,161 - INFO - Account 1 - B PENDING NewAck
2025-09-11 01:21:41,161 - INFO - Account 1 - B PENDING NewAck
2025-09-11 01:32:19,786 - INFO - Downloading master files...
2025-09-11 01:32:19,787 - INFO - Finding expiry dates...
2025-09-11 01:32:19,917 - INFO - System initialization completed successfully
2025-09-11 01:32:20,267 - INFO - Generated fresh 2FA for account 1: 506166
2025-09-11 01:32:20,975 - INFO - Master account initialized successfully
2025-09-11 01:34:33,927 - INFO - Generated fresh 2FA for account 2: 530911
2025-09-11 01:34:39,367 - INFO - Fetched SENSEX price: 81425.15
2025-09-11 01:34:39,368 - INFO - Updated strikes for SENSEX based on price 81425.15: [80700, 80800, 80900, 81000, 81100, 81200, 81300, 81400, 81500, 81600, 81700, 81800, 81900, 82000, 82100]
2025-09-11 01:34:45,483 - INFO - Getting token for trading symbol: SENSEX2591181200CE
2025-09-11 01:34:45,490 - INFO - Found token for SENSEX2591181200CE: 859358
2025-09-11 01:34:59,037 - INFO - Active accounts: [1, 2]
2025-09-11 01:34:59,037 - INFO - Placing buy orders for accounts: [1, 2]
2025-09-11 01:34:59,037 - INFO - Trading symbol: SENSEX2591181200CE, Price: 409.45
2025-09-11 01:34:59,037 - INFO - Quantities: [20, '']
2025-09-11 01:34:59,037 - INFO - Placing order with parameters: {'buy_or_sell': 'B', 'product_type': 'I', 'exchange': 'BFO', 'tradingsymbol': 'SENSEX2591181200CE', 'quantity': 20, 'discloseqty': 0, 'price_type': 'LMT', 'price': 409.45, 'trigger_price': None, 'retention': 'DAY', 'amo': 'NO', 'remarks': None}
2025-09-11 01:34:59,037 - INFO - Placing order with parameters: {'buy_or_sell': 'B', 'product_type': 'I', 'exchange': 'BFO', 'tradingsymbol': 'SENSEX2591181200CE', 'quantity': '', 'discloseqty': 0, 'price_type': 'LMT', 'price': 409.45, 'trigger_price': None, 'retention': 'DAY', 'amo': 'NO', 'remarks': None}
2025-09-11 01:34:59,701 - INFO - API response: None
2025-09-11 01:34:59,701 - INFO - API response type: <class 'NoneType'>
2025-09-11 01:34:59,701 - ERROR - Order placement failed: None
2025-09-11 01:34:59,725 - INFO - API response: {'request_time': '01:35:00 11-09-2025', 'stat': 'Ok', 'norenordno': '25091000473330'}
2025-09-11 01:34:59,726 - INFO - API response type: <class 'dict'>
2025-09-11 01:34:59,726 - INFO - Buy order placed successfully: {'request_time': '01:35:00 11-09-2025', 'stat': 'Ok', 'norenordno': '25091000473330'}
2025-09-11 01:34:59,733 - INFO - New order received: 25091000473330
2025-09-11 01:34:59,735 - INFO - New order received: 25091000473330
2025-09-11 01:34:59,742 - INFO - Updating order 25091000473330
2025-09-11 01:34:59,744 - INFO - Updating order 25091000473330
2025-09-11 01:34:59,748 - ERROR - Error processing order update for account 1: Must have equal len keys and value when setting with an iterable
2025-09-11 01:34:59,748 - ERROR - Error processing order update for account 1: Must have equal len keys and value when setting with an iterable
2025-09-11 01:34:59,752 - INFO - Order data saved to orders.csv
2025-09-11 01:34:59,752 - INFO - Order data saved to orders.csv
2025-09-11 01:34:59,752 - INFO - Account 1 - B PENDING NewAck
2025-09-11 01:34:59,754 - INFO - PLACE BUY ORDER for Master1
2025-09-11 01:37:52,118 - INFO - Downloading master files...
2025-09-11 01:37:52,119 - INFO - Finding expiry dates...
2025-09-11 01:37:52,202 - INFO - System initialization completed successfully
2025-09-11 01:37:52,470 - INFO - Generated fresh 2FA for account 1: 529078
2025-09-11 01:37:53,046 - INFO - Master account initialized successfully
2025-09-11 01:37:56,021 - INFO - Generated fresh 2FA for account 2: 531218
2025-09-11 01:38:01,524 - INFO - Fetched SENSEX price: 81425.15
2025-09-11 01:38:01,525 - INFO - Updated strikes for SENSEX based on price 81425.15: [80700, 80800, 80900, 81000, 81100, 81200, 81300, 81400, 81500, 81600, 81700, 81800, 81900, 82000, 82100]
2025-09-11 01:38:10,002 - INFO - Getting token for trading symbol: SENSEX2591181200CE
2025-09-11 01:38:10,008 - INFO - Found token for SENSEX2591181200CE: 859358
2025-09-11 01:38:16,801 - INFO - Active accounts: [1, 2]
2025-09-11 01:38:16,802 - INFO - Placing buy orders for accounts: [1, 2]
2025-09-11 01:38:16,803 - INFO - Trading symbol: SENSEX2591181200CE, Price: 409.45
2025-09-11 01:38:16,803 - INFO - Quantities: [20, 20]
2025-09-11 01:38:16,805 - INFO - Placing order with parameters: {'buy_or_sell': 'B', 'product_type': 'I', 'exchange': 'BFO', 'tradingsymbol': 'SENSEX2591181200CE', 'quantity': 20, 'discloseqty': 0, 'price_type': 'LMT', 'price': 409.45, 'trigger_price': None, 'retention': 'DAY', 'amo': 'NO', 'remarks': None}
2025-09-11 01:38:16,806 - INFO - Placing order with parameters: {'buy_or_sell': 'B', 'product_type': 'I', 'exchange': 'BFO', 'tradingsymbol': 'SENSEX2591181200CE', 'quantity': 20, 'discloseqty': 0, 'price_type': 'LMT', 'price': 409.45, 'trigger_price': None, 'retention': 'DAY', 'amo': 'NO', 'remarks': None}
2025-09-11 01:38:17,430 - INFO - API response: {'request_time': '01:38:18 11-09-2025', 'stat': 'Ok', 'norenordno': '25091000473331'}
2025-09-11 01:38:17,430 - INFO - New order received: 25091000473331
2025-09-11 01:38:17,430 - INFO - API response type: <class 'dict'>
2025-09-11 01:38:17,445 - INFO - New order received: 25091000473331
2025-09-11 01:38:17,446 - INFO - Buy order placed successfully: {'request_time': '01:38:18 11-09-2025', 'stat': 'Ok', 'norenordno': '25091000473331'}
2025-09-11 01:38:17,456 - INFO - Order data saved to orders.csv
2025-09-11 01:38:17,456 - INFO - Order data saved to orders.csv
2025-09-11 01:38:17,457 - INFO - PLACE BUY ORDER for Master1
2025-09-11 01:38:17,482 - INFO - API response: {'request_time': '01:38:18 11-09-2025', 'stat': 'Ok', 'norenordno': '25091000473332'}
2025-09-11 01:38:17,484 - INFO - API response type: <class 'dict'>
2025-09-11 01:38:17,484 - INFO - New order received: 25091000473332
2025-09-11 01:38:17,486 - INFO - Buy order placed successfully: {'request_time': '01:38:18 11-09-2025', 'stat': 'Ok', 'norenordno': '25091000473332'}
2025-09-11 01:38:17,490 - INFO - BUY ORDER Rejected for Master1
2025-09-11 01:38:17,495 - INFO - Updating order 25091000473332
2025-09-11 01:38:17,496 - INFO - Order data saved to orders.csv
2025-09-11 01:38:17,499 - ERROR - Error processing order update for account 2: Must have equal len keys and value when setting with an iterable
2025-09-11 01:38:17,503 - INFO - PLACE BUY ORDER for Child2
2025-09-11 01:39:54,574 - INFO - Downloading master files...
2025-09-11 01:39:54,575 - INFO - Finding expiry dates...
2025-09-11 01:39:54,684 - INFO - System initialization completed successfully
2025-09-11 01:39:54,987 - INFO - Generated fresh 2FA for account 1: 767244
2025-09-11 01:39:55,620 - INFO - Master account initialized successfully
2025-09-11 01:40:08,774 - INFO - Generated fresh 2FA for account 1: 159188
2025-09-11 01:40:09,436 - INFO - Master account initialized successfully
2025-09-11 01:42:08,290 - INFO - Generated fresh 2FA for account 2: 650653
2025-09-11 01:42:14,198 - WARNING - Could not fetch price for SENSEX, using default strikes
2025-09-11 01:42:17,015 - WARNING - Could not fetch price for NIFTY, using default strikes
2025-09-11 01:42:22,793 - INFO - Getting token for trading symbol: NIFTY16SEP25CE24000
2025-09-11 01:42:22,807 - ERROR - No token found for NIFTY16SEP25CE24000
2025-09-11 01:42:22,838 - INFO - Available NFO symbols (first 10): ['ZYDUSLIFE30SEP25P1360' 'ZYDUSLIFE30SEP25C1360' 'ZYDUSLIFE30SEP25P1320'
 'ZYDUSLIFE30SEP25C1320' 'ZYDUSLIFE30SEP25P1280' 'ZYDUSLIFE30SEP25C1280'
 'ZYDUSLIFE30SEP25P1260' 'ZYDUSLIFE30SEP25C1260' 'ZYDUSLIFE30SEP25P1240'
 'ZYDUSLIFE30SEP25C1240']
2025-09-11 01:42:29,097 - WARNING - Could not fetch price for SENSEX, using default strikes
2025-09-11 01:42:36,263 - INFO - Getting token for trading symbol: SENSEX2591181200CE
2025-09-11 01:42:36,269 - INFO - Found token for SENSEX2591181200CE: 859358
2025-09-11 01:43:54,274 - INFO - Downloading master files...
2025-09-11 01:43:54,274 - INFO - Finding expiry dates...
2025-09-11 01:43:54,381 - INFO - System initialization completed successfully
2025-09-11 01:43:54,662 - INFO - Generated fresh 2FA for account 1: 743052
2025-09-11 01:43:55,295 - INFO - Master account initialized successfully
2025-09-11 01:44:28,870 - INFO - Downloading master files...
2025-09-11 01:44:28,871 - INFO - Finding expiry dates...
2025-09-11 01:44:28,958 - INFO - System initialization completed successfully
2025-09-11 01:44:29,339 - INFO - Generated fresh 2FA for account 1: 496786
2025-09-11 01:44:29,949 - INFO - Master account initialized successfully
2025-09-11 01:45:26,103 - INFO - Application interrupted by user
2025-09-11 01:45:29,285 - INFO - Generated fresh 2FA for account 1: 377993
2025-09-11 01:46:17,065 - INFO - Downloading master files...
2025-09-11 01:46:17,066 - INFO - Finding expiry dates...
2025-09-11 01:46:17,180 - INFO - System initialization completed successfully
2025-09-11 01:46:17,492 - INFO - Generated fresh 2FA for account 1: 627110
2025-09-11 01:46:18,037 - INFO - Master account initialized successfully
2025-09-11 01:46:46,360 - INFO - Downloading master files...
2025-09-11 01:46:46,360 - INFO - Finding expiry dates...
2025-09-11 01:46:46,479 - INFO - System initialization completed successfully
2025-09-11 01:46:46,737 - INFO - Generated fresh 2FA for account 1: 318590
2025-09-11 01:46:47,407 - INFO - Master account initialized successfully
2025-09-11 01:47:18,551 - INFO - Generated fresh 2FA for account 2: 018808
2025-09-11 01:47:24,062 - INFO - Fetched SENSEX price: 81425.15
2025-09-11 01:47:24,064 - INFO - Updated strikes for SENSEX based on price 81425.15: [80700, 80800, 80900, 81000, 81100, 81200, 81300, 81400, 81500, 81600, 81700, 81800, 81900, 82000, 82100]
2025-09-11 01:47:30,318 - INFO - Getting token for trading symbol: SENSEX2591181200CE
2025-09-11 01:47:30,318 - INFO - Found token for SENSEX2591181200CE: 859358
2025-09-11 01:47:36,588 - INFO - Active accounts: [1, 2]
2025-09-11 01:47:36,588 - INFO - Placing buy orders for accounts: [1, 2]
2025-09-11 01:47:36,588 - INFO - Trading symbol: SENSEX2591181200CE, Price: 409.45
2025-09-11 01:47:36,588 - INFO - Quantities: [20, 20]
2025-09-11 01:47:36,588 - INFO - Placing order with parameters: {'buy_or_sell': 'B', 'product_type': 'I', 'exchange': 'BFO', 'tradingsymbol': 'SENSEX2591181200CE', 'quantity': 20, 'discloseqty': 0, 'price_type': 'LMT', 'price': 409.45, 'trigger_price': None, 'retention': 'DAY', 'amo': 'NO', 'remarks': None}
2025-09-11 01:47:36,588 - INFO - Placing order with parameters: {'buy_or_sell': 'B', 'product_type': 'I', 'exchange': 'BFO', 'tradingsymbol': 'SENSEX2591181200CE', 'quantity': 20, 'discloseqty': 0, 'price_type': 'LMT', 'price': 409.45, 'trigger_price': None, 'retention': 'DAY', 'amo': 'NO', 'remarks': None}
2025-09-11 01:47:37,238 - INFO - API response: {'request_time': '01:47:38 11-09-2025', 'stat': 'Ok', 'norenordno': '25091000473338'}
2025-09-11 01:47:37,238 - INFO - New order received: 25091000473338
2025-09-11 01:47:37,238 - INFO - API response type: <class 'dict'>
2025-09-11 01:47:37,246 - INFO - Updating order 25091000473338
2025-09-11 01:47:37,246 - INFO - Buy order placed successfully: {'request_time': '01:47:38 11-09-2025', 'stat': 'Ok', 'norenordno': '25091000473338'}
2025-09-11 01:47:37,248 - ERROR - Error processing order update for account 1: Must have equal len keys and value when setting with an iterable
2025-09-11 01:47:37,253 - INFO - Order data saved to orders.csv
2025-09-11 01:47:37,254 - INFO - Processing order status for Master1, button: True
2025-09-11 01:47:37,255 - INFO - Order data: status=PENDING, reporttype=NewAck, trantype=B
2025-09-11 01:47:37,257 - INFO - PLACE BUY ORDER for Master1
2025-09-11 01:47:37,289 - INFO - API response: {'request_time': '01:47:38 11-09-2025', 'stat': 'Ok', 'norenordno': '25091000473339'}
2025-09-11 01:47:37,291 - INFO - API response type: <class 'dict'>
2025-09-11 01:47:37,292 - INFO - New order received: 25091000473339
2025-09-11 01:47:37,293 - INFO - Buy order placed successfully: {'request_time': '01:47:38 11-09-2025', 'stat': 'Ok', 'norenordno': '25091000473339'}
2025-09-11 01:47:37,301 - INFO - Updating order 25091000473339
2025-09-11 01:47:37,304 - ERROR - Error processing order update for account 2: Must have equal len keys and value when setting with an iterable
2025-09-11 01:47:37,305 - INFO - Order data saved to orders.csv
2025-09-11 01:47:37,305 - INFO - Processing order status for Child2, button: True
2025-09-11 01:47:37,305 - INFO - Order data: status=PENDING, reporttype=NewAck, trantype=B
2025-09-11 01:47:37,306 - INFO - PLACE BUY ORDER for Child2
2025-09-11 01:54:25,679 - INFO - Downloading master files...
2025-09-11 01:54:25,679 - INFO - Finding expiry dates...
2025-09-11 01:54:25,777 - INFO - System initialization completed successfully
2025-09-11 01:54:26,059 - INFO - Generated fresh 2FA for account 1: 858465
2025-09-11 01:54:26,682 - INFO - Master account initialized successfully
2025-09-11 01:56:06,851 - INFO - Downloading master files...
2025-09-11 01:56:06,851 - INFO - Finding expiry dates...
2025-09-11 01:56:06,943 - INFO - System initialization completed successfully
2025-09-11 01:56:07,178 - INFO - Generated fresh 2FA for account 1: 844621
2025-09-11 01:56:07,735 - INFO - Master account initialized successfully
2025-09-11 01:56:10,488 - INFO - Generated fresh 2FA for account 2: 079534
2025-09-11 01:56:15,925 - INFO - Fetched SENSEX price: 81425.15
2025-09-11 01:56:15,926 - INFO - Updated strikes for SENSEX based on price 81425.15: [80700, 80800, 80900, 81000, 81100, 81200, 81300, 81400, 81500, 81600, 81700, 81800, 81900, 82000, 82100]
2025-09-11 01:56:21,924 - INFO - Getting token for trading symbol: SENSEX2591181200CE
2025-09-11 01:56:21,939 - INFO - Found token for SENSEX2591181200CE: 859358
2025-09-11 01:56:26,629 - INFO - Active accounts: [1, 2]
2025-09-11 01:56:26,629 - INFO - Placing buy orders for accounts: [1, 2]
2025-09-11 01:56:26,629 - INFO - Trading symbol: SENSEX2591181200CE, Price: 409.45
2025-09-11 01:56:26,629 - INFO - Quantities: [20, 20]
2025-09-11 01:56:26,629 - INFO - Placing order with parameters: {'buy_or_sell': 'B', 'product_type': 'I', 'exchange': 'BFO', 'tradingsymbol': 'SENSEX2591181200CE', 'quantity': 20, 'discloseqty': 0, 'price_type': 'LMT', 'price': 409.45, 'trigger_price': None, 'retention': 'DAY', 'amo': 'NO', 'remarks': None}
2025-09-11 01:56:26,629 - INFO - Placing order with parameters: {'buy_or_sell': 'B', 'product_type': 'I', 'exchange': 'BFO', 'tradingsymbol': 'SENSEX2591181200CE', 'quantity': 20, 'discloseqty': 0, 'price_type': 'LMT', 'price': 409.45, 'trigger_price': None, 'retention': 'DAY', 'amo': 'NO', 'remarks': None}
2025-09-11 01:56:27,245 - INFO - API response: {'request_time': '01:56:28 11-09-2025', 'stat': 'Ok', 'norenordno': '25091000473347'}
2025-09-11 01:56:27,245 - INFO - API response type: <class 'dict'>
2025-09-11 01:56:27,245 - INFO - Buy order placed successfully: {'request_time': '01:56:28 11-09-2025', 'stat': 'Ok', 'norenordno': '25091000473347'}
2025-09-11 01:56:27,260 - INFO - New order received: 25091000473347
2025-09-11 01:56:27,267 - INFO - Updating order 25091000473347
2025-09-11 01:56:27,272 - ERROR - Error processing order update for account 1: Must have equal len keys and value when setting with an iterable
2025-09-11 01:56:27,276 - INFO - Order data saved to orders.csv
2025-09-11 01:56:27,277 - INFO - Processing order status for Master, button: True
2025-09-11 01:56:27,277 - INFO - Order data: status=PENDING, reporttype=NewAck, trantype=B
2025-09-11 01:56:27,279 - INFO - PLACE BUY ORDER for Master
2025-09-11 01:56:27,289 - INFO - API response: {'request_time': '01:56:28 11-09-2025', 'stat': 'Ok', 'norenordno': '25091000473348'}
2025-09-11 01:56:27,292 - INFO - New order received: 25091000473348
2025-09-11 01:56:27,292 - INFO - API response type: <class 'dict'>
2025-09-11 01:56:27,303 - INFO - Updating order 25091000473348
2025-09-11 01:56:27,306 - INFO - Buy order placed successfully: {'request_time': '01:56:28 11-09-2025', 'stat': 'Ok', 'norenordno': '25091000473348'}
2025-09-11 01:56:27,315 - ERROR - Error processing order update for account 2: Must have equal len keys and value when setting with an iterable
2025-09-11 01:56:27,316 - INFO - Order data saved to orders.csv
2025-09-11 01:56:27,319 - INFO - Processing order status for Child, button: True
2025-09-11 01:56:27,319 - INFO - Order data: status=PENDING, reporttype=NewAck, trantype=B
2025-09-11 01:56:27,322 - INFO - PLACE BUY ORDER for Child
2025-09-11 02:05:45,966 - INFO - Downloading master files...
2025-09-11 02:05:45,968 - INFO - Finding expiry dates...
2025-09-11 02:05:46,148 - INFO - System initialization completed successfully
2025-09-11 02:05:46,752 - ERROR - Error starting main application: ModernLabel.__init__() missing 1 required positional argument: 'text'
2025-09-11 02:08:02,381 - INFO - Downloading master files...
2025-09-11 02:08:02,391 - INFO - Finding expiry dates...
2025-09-11 02:08:33,689 - INFO - Downloading master files...
2025-09-11 02:08:33,689 - INFO - Finding expiry dates...
2025-09-11 02:08:33,823 - INFO - System initialization completed successfully
2025-09-11 02:08:34,340 - INFO - Generated fresh 2FA for account 1: 345497
2025-09-11 02:08:35,018 - INFO - Master account initialized successfully
2025-09-11 02:08:58,136 - INFO - Fetched SENSEX price: 81425.15
2025-09-11 02:08:58,138 - INFO - Updated strikes for SENSEX based on price 81425.15: [80700, 80800, 80900, 81000, 81100, 81200, 81300, 81400, 81500, 81600, 81700, 81800, 81900, 82000, 82100]
2025-09-11 02:09:05,579 - INFO - Getting token for trading symbol: SENSEX2591181200CE
2025-09-11 02:09:05,579 - INFO - Found token for SENSEX2591181200CE: 859358
2025-09-11 02:09:10,752 - INFO - Active accounts: [1]
2025-09-11 02:09:10,753 - INFO - Placing buy orders for accounts: [1]
2025-09-11 02:09:10,753 - INFO - Trading symbol: SENSEX2591181200CE, Price: 409.45
2025-09-11 02:09:10,753 - INFO - Quantities: [20]
2025-09-11 02:09:10,754 - INFO - Placing order with parameters: {'buy_or_sell': 'B', 'product_type': 'I', 'exchange': 'BFO', 'tradingsymbol': 'SENSEX2591181200CE', 'quantity': 20, 'discloseqty': 0, 'price_type': 'LMT', 'price': 409.45, 'trigger_price': None, 'retention': 'DAY', 'amo': 'NO', 'remarks': None}
2025-09-11 02:09:11,282 - INFO - API response: {'request_time': '02:09:12 11-09-2025', 'stat': 'Ok', 'norenordno': '25091000473351'}
2025-09-11 02:09:11,282 - INFO - API response type: <class 'dict'>
2025-09-11 02:09:11,282 - INFO - New order received: 25091000473351
2025-09-11 02:09:11,282 - INFO - Buy order placed successfully: {'request_time': '02:09:12 11-09-2025', 'stat': 'Ok', 'norenordno': '25091000473351'}
2025-09-11 02:09:11,282 - INFO - Updating order 25091000473351
2025-09-11 02:09:11,296 - ERROR - Error processing order update for account 1: Must have equal len keys and value when setting with an iterable
2025-09-11 02:09:11,301 - INFO - Order data saved to orders.csv
2025-09-11 02:09:11,302 - WARNING - No button found for account 1
2025-09-11 02:15:02,503 - INFO - Downloading master files...
2025-09-11 02:15:02,504 - INFO - Finding expiry dates...
2025-09-11 02:15:02,630 - INFO - System initialization completed successfully
2025-09-11 02:15:03,173 - INFO - Generated fresh 2FA for account 1: 705087
2025-09-11 02:15:03,822 - INFO - Master account initialized successfully
2025-09-11 02:16:19,203 - INFO - Downloading master files...
2025-09-11 02:16:19,203 - INFO - Finding expiry dates...
2025-09-11 02:16:19,306 - INFO - System initialization completed successfully
2025-09-11 02:16:19,775 - INFO - Generated fresh 2FA for account 1: 527634
2025-09-11 02:16:20,416 - INFO - Master account initialized successfully
2025-09-11 02:18:41,812 - INFO - Downloading master files...
2025-09-11 02:18:41,815 - INFO - Finding expiry dates...
2025-09-11 02:18:41,943 - INFO - System initialization completed successfully
2025-09-11 02:18:42,448 - INFO - Generated fresh 2FA for account 1: 988875
2025-09-11 02:18:43,102 - INFO - Master account initialized successfully
2025-09-11 02:19:13,606 - INFO - Downloading master files...
2025-09-11 02:19:13,608 - INFO - Finding expiry dates...
2025-09-11 02:19:13,751 - INFO - System initialization completed successfully
2025-09-11 02:19:14,305 - INFO - Generated fresh 2FA for account 1: 513987
2025-09-11 02:19:14,829 - INFO - Master account initialized successfully
2025-09-11 02:21:29,159 - INFO - Downloading master files...
2025-09-11 02:21:29,162 - INFO - Finding expiry dates...
2025-09-11 02:21:29,271 - INFO - System initialization completed successfully
2025-09-11 02:21:29,890 - INFO - Generated fresh 2FA for account 1: 964373
2025-09-11 02:21:30,579 - INFO - Master account initialized successfully
2025-09-11 02:22:54,676 - INFO - Downloading master files...
2025-09-11 02:22:54,678 - INFO - Finding expiry dates...
2025-09-11 02:22:54,803 - INFO - System initialization completed successfully
2025-09-11 02:22:55,386 - INFO - Generated fresh 2FA for account 1: 375178
2025-09-11 02:22:56,054 - INFO - Master account initialized successfully
2025-09-11 02:25:19,376 - INFO - Downloading master files...
2025-09-11 02:25:19,376 - INFO - Finding expiry dates...
2025-09-11 02:25:19,519 - INFO - System initialization completed successfully
2025-09-11 02:25:30,864 - INFO - Downloading master files...
2025-09-11 02:25:30,864 - INFO - Finding expiry dates...
2025-09-11 02:25:30,983 - INFO - System initialization completed successfully
2025-09-11 02:25:31,362 - INFO - Generated fresh 2FA for account 1: 512259
2025-09-11 02:25:31,961 - INFO - Master account initialized successfully
2025-09-11 02:26:13,926 - INFO - Downloading master files...
2025-09-11 02:26:13,927 - INFO - Finding expiry dates...
2025-09-11 02:26:14,059 - INFO - System initialization completed successfully
2025-09-11 02:26:14,659 - INFO - Generated fresh 2FA for account 1: 073351
2025-09-11 02:26:15,233 - INFO - Master account initialized successfully
2025-09-11 02:26:50,261 - INFO - Fetched SENSEX price: 81425.15
2025-09-11 02:26:50,262 - INFO - Updated strikes for SENSEX based on price 81425.15: [80700, 80800, 80900, 81000, 81100, 81200, 81300, 81400, 81500, 81600, 81700, 81800, 81900, 82000, 82100]
2025-09-11 02:27:00,090 - INFO - Getting token for trading symbol: SENSEX2591181200CE
2025-09-11 02:27:00,090 - INFO - Found token for SENSEX2591181200CE: 859358
2025-09-11 08:13:15,234 - INFO - Application interrupted by user
2025-09-11 11:36:44,526 - INFO - Downloading master files...
2025-09-11 11:36:44,535 - INFO - Finding expiry dates...
2025-09-11 11:36:44,673 - INFO - System initialization completed successfully
2025-09-11 11:36:45,163 - INFO - Generated fresh 2FA for account 1: 115891
2025-09-11 11:36:45,780 - INFO - Master account initialized successfully
2025-09-11 11:37:01,867 - INFO - Fetched SENSEX price: 81401.44
2025-09-11 11:37:01,867 - INFO - Updated strikes for SENSEX based on price 81401.44: [80700, 80800, 80900, 81000, 81100, 81200, 81300, 81400, 81500, 81600, 81700, 81800, 81900, 82000, 82100]
2025-09-11 11:37:08,617 - INFO - Getting token for trading symbol: SENSEX2591181200CE
2025-09-11 11:37:08,633 - INFO - Found token for SENSEX2591181200CE: 859358
2025-09-11 11:41:35,283 - INFO - Downloading master files...
2025-09-11 11:41:35,283 - INFO - Finding expiry dates...
2025-09-11 11:41:35,419 - INFO - System initialization completed successfully
2025-09-11 11:41:35,868 - INFO - Generated fresh 2FA for account 1: 069926
2025-09-11 11:41:36,440 - INFO - Master account initialized successfully
2025-09-11 11:41:41,801 - INFO - Fetched SENSEX price: 81386.27
2025-09-11 11:41:41,803 - INFO - Updated strikes for SENSEX based on price 81386.27: [80700, 80800, 80900, 81000, 81100, 81200, 81300, 81400, 81500, 81600, 81700, 81800, 81900, 82000, 82100]
2025-09-11 11:41:48,556 - INFO - Getting token for trading symbol: SENSEX2591181200CE
2025-09-11 11:41:48,559 - INFO - Found token for SENSEX2591181200CE: 859358
2025-09-11 11:42:32,759 - INFO - Active accounts: [1]
2025-09-11 11:42:32,760 - INFO - Placing buy orders for accounts: [1]
2025-09-11 11:42:32,760 - INFO - Trading symbol: SENSEX2591181200CE, Price: 265.8
2025-09-11 11:42:32,760 - INFO - Quantities: [20]
2025-09-11 11:42:32,761 - INFO - Placing order with parameters: {'buy_or_sell': 'B', 'product_type': 'I', 'exchange': 'BFO', 'tradingsymbol': 'SENSEX2591181200CE', 'quantity': 20, 'discloseqty': 0, 'price_type': 'LMT', 'price': 265.8, 'trigger_price': None, 'retention': 'DAY', 'amo': 'NO', 'remarks': None}
2025-09-11 11:42:33,317 - INFO - API response: {'request_time': '11:42:33 11-09-2025', 'stat': 'Ok', 'norenordno': '25091100222988'}
2025-09-11 11:42:33,317 - INFO - API response type: <class 'dict'>
2025-09-11 11:42:33,318 - INFO - Buy order placed successfully: {'request_time': '11:42:33 11-09-2025', 'stat': 'Ok', 'norenordno': '25091100222988'}
2025-09-11 11:42:33,321 - INFO - New order received: 25091100222988
2025-09-11 11:42:33,338 - INFO - Updating order 25091100222988
2025-09-11 11:42:33,342 - ERROR - Error processing order update for account 1: Must have equal len keys and value when setting with an iterable
2025-09-11 11:42:33,347 - INFO - Order data saved to orders.csv
2025-09-11 11:42:33,347 - WARNING - No button found for account 1
2025-09-11 11:49:06,107 - INFO - Downloading master files...
2025-09-11 11:49:06,111 - INFO - Finding expiry dates...
2025-09-11 11:49:06,228 - INFO - System initialization completed successfully
2025-09-11 11:49:06,691 - INFO - Generated fresh 2FA for account 1: 407195
2025-09-11 11:49:07,274 - INFO - Master account initialized successfully
2025-09-11 11:49:12,361 - INFO - Fetched SENSEX price: 81414.55
2025-09-11 11:49:12,361 - INFO - Updated strikes for SENSEX based on price 81414.55: [80700, 80800, 80900, 81000, 81100, 81200, 81300, 81400, 81500, 81600, 81700, 81800, 81900, 82000, 82100]
2025-09-11 11:49:17,568 - INFO - Getting token for trading symbol: SENSEX2591181200CE
2025-09-11 11:49:17,573 - INFO - Found token for SENSEX2591181200CE: 859358
2025-09-11 11:53:24,047 - INFO - Generated fresh 2FA for account 1: 235131
2025-09-11 11:53:24,807 - INFO - Getting token for trading symbol: SENSEX2591181400CE
2025-09-11 11:53:24,812 - INFO - Found token for SENSEX2591181400CE: 859394
2025-09-11 11:54:16,672 - INFO - Generated fresh 2FA for account 1: 254252
2025-09-11 11:54:17,850 - INFO - Getting token for trading symbol: SENSEX2591181400CE
2025-09-11 11:54:17,861 - INFO - Found token for SENSEX2591181400CE: 859394
2025-09-11 11:58:24,758 - INFO - Generated fresh 2FA for account 1: 275796
2025-09-11 11:58:25,398 - INFO - Getting token for trading symbol: SENSEX2591181400CE
2025-09-11 11:58:25,404 - INFO - Found token for SENSEX2591181400CE: 859394
2025-09-11 11:58:59,108 - INFO - Generated fresh 2FA for account 1: 665295
2025-09-11 11:58:59,712 - INFO - Getting token for trading symbol: SENSEX2591181400CE
2025-09-11 11:58:59,719 - INFO - Found token for SENSEX2591181400CE: 859394
2025-09-11 12:03:08,415 - INFO - Application interrupted by user
2025-09-11 12:27:31,255 - INFO - Downloading master files...
2025-09-11 12:27:31,265 - INFO - Finding expiry dates...
2025-09-11 12:27:31,494 - INFO - System initialization completed successfully
2025-09-11 12:27:32,066 - INFO - Generated fresh 2FA for account 1: 808796
2025-09-11 12:27:32,818 - INFO - Master account initialized successfully
2025-09-11 12:27:47,557 - INFO - Fetched SENSEX price: 81571.03
2025-09-11 12:27:47,557 - INFO - Updated strikes for SENSEX based on price 81571.03: [80900, 81000, 81100, 81200, 81300, 81400, 81500, 81600, 81700, 81800, 81900, 82000, 82100, 82200, 82300]
2025-09-11 12:27:55,057 - INFO - Getting token for trading symbol: SENSEX2591181200CE
2025-09-11 12:27:55,063 - INFO - Found token for SENSEX2591181200CE: 859358
2025-09-11 13:11:01,584 - INFO - Downloading master files...
2025-09-11 13:11:01,590 - INFO - Finding expiry dates...
2025-09-11 13:11:01,821 - INFO - System initialization completed successfully
2025-09-11 13:11:02,406 - INFO - Generated fresh 2FA for account 1: 539307
2025-09-11 13:11:03,214 - INFO - Master account initialized successfully
2025-09-11 13:11:12,016 - INFO - Fetched SENSEX price: 81573.94
2025-09-11 13:11:12,016 - INFO - Updated strikes for SENSEX based on price 81573.94: [80900, 81000, 81100, 81200, 81300, 81400, 81500, 81600, 81700, 81800, 81900, 82000, 82100, 82200, 82300]
2025-09-11 13:11:18,404 - INFO - Getting token for trading symbol: SENSEX2591181200CE
2025-09-11 13:11:18,408 - INFO - Found token for SENSEX2591181200CE: 859358
2025-09-11 13:13:53,549 - INFO - ================================================================================
2025-09-11 13:13:53,551 - INFO - ================================================================================
2025-09-11 13:13:53,564 - INFO - No websocket status method available
2025-09-11 13:13:53,566 - ERROR - Error connecting WebSocket for account 1: 'ShoonyaApiPy' object has no attribute '_NorenApi__susertoken'
2025-09-11 13:16:29,591 - INFO - ============================================================
2025-09-11 13:16:29,591 - INFO - SIMPLE WEBSOCKET TEST
2025-09-11 13:16:29,591 - INFO - ============================================================
2025-09-11 13:16:29,591 - INFO - Testing with Account 1
2025-09-11 13:16:29,591 - INFO - API already available
2025-09-11 13:16:29,591 - INFO - Checking API authentication...
2025-09-11 13:16:29,591 - ERROR - API authentication check failed: 'ShoonyaApiPy' object has no attribute 'get_user_profile'
2025-09-11 13:16:29,591 - INFO - Attempting to re-login...
2025-09-11 13:16:29,591 - INFO - Generated fresh 2FA for account 1: 990417
2025-09-11 13:16:30,269 - INFO - Re-login successful: KRATIK YADAV
2025-09-11 13:16:30,269 - INFO - Testing websocket connection...
2025-09-11 13:16:30,272 - INFO - Websocket feed connected successfully
2025-09-11 13:16:30,272 - INFO - Waiting for websocket to stabilize...
2025-09-11 13:16:33,274 - INFO - Testing subscription to NIFTY 50
2025-09-11 13:16:33,274 - INFO - Exchange: NSE, Token: 26000
2025-09-11 13:16:33,317 - ERROR - [ERROR] Failed to subscribe to NSE|26000
2025-09-11 13:16:33,319 - ERROR - Subscription failed for NIFTY 50
2025-09-11 13:17:01,396 - INFO - ============================================================
2025-09-11 13:17:01,397 - INFO - SIMPLE WEBSOCKET TEST
2025-09-11 13:17:01,400 - INFO - ============================================================
2025-09-11 13:17:01,407 - INFO - Testing with Account 1
2025-09-11 13:17:01,407 - INFO - API already available
2025-09-11 13:17:01,407 - INFO - Checking API authentication...
2025-09-11 13:17:01,410 - ERROR - API authentication check failed: 'ShoonyaApiPy' object has no attribute 'get_user_profile'
2025-09-11 13:17:01,410 - INFO - Attempting to re-login...
2025-09-11 13:17:01,410 - INFO - Generated fresh 2FA for account 1: 119751
2025-09-11 13:17:02,040 - INFO - Re-login successful: KRATIK YADAV
2025-09-11 13:17:02,053 - INFO - Testing websocket connection...
2025-09-11 13:17:02,053 - INFO - Websocket feed connected successfully
2025-09-11 13:17:02,056 - INFO - Waiting for websocket to stabilize...
2025-09-11 13:17:05,058 - INFO - Testing subscription to NIFTY 50
2025-09-11 13:17:05,058 - INFO - Exchange: NSE, Token: 26000
2025-09-11 13:17:05,058 - INFO - [WS] WebSocket Subscribe - Exchange: NSE, Token: 26000
2025-09-11 13:17:05,058 - INFO - [WS] WebSocket Subscribe - Instrument: NSE|26000
2025-09-11 13:17:05,058 - INFO - [WS] WebSocket Subscribe - API: <api_helper.ShoonyaApiPy object at 0x000002011D6879E0>
2025-09-11 13:17:05,058 - INFO - [WS] WebSocket Subscribe - API Type: <class 'api_helper.ShoonyaApiPy'>
2025-09-11 13:17:05,058 - INFO - [SUCCESS] API has subscribe method
2025-09-11 13:17:05,058 - INFO - [WS] Calling api.subscribe('NSE|26000')
2025-09-11 13:17:05,058 - INFO - [WS] Subscribe result: None
2025-09-11 13:17:05,058 - INFO - [WS] Subscribe result type: <class 'NoneType'>
2025-09-11 13:17:05,058 - ERROR - [ERROR] Failed to subscribe to NSE|26000
2025-09-11 13:17:05,058 - ERROR - Subscription failed for NIFTY 50
2025-09-11 13:18:00,363 - INFO - ============================================================
2025-09-11 13:18:00,363 - INFO - FINAL WEBSOCKET TEST
2025-09-11 13:18:00,363 - INFO - ============================================================
2025-09-11 13:18:00,371 - INFO - Testing with Account 1
2025-09-11 13:18:00,371 - INFO - API already available
2025-09-11 13:18:00,371 - INFO - Testing websocket connection...
2025-09-11 13:18:00,371 - ERROR - Error connecting WebSocket for account 1: 'ShoonyaApiPy' object has no attribute '_NorenApi__susertoken'
2025-09-11 13:18:00,371 - ERROR - Failed to connect websocket feed
