2025-09-12 00:27:25,821 - INFO - Login Successful!, Welcome KRATIK YADAV - Child2 ACCOUNT
2025-09-12 00:27:57,761 - INFO - Login Successful!, Welcome KRATIK YADAV - Child2 ACCOUNT
2025-09-12 00:29:51,830 - INFO - Login Successful!, Welcome KRATIK YADAV - Child2 ACCOUNT
2025-09-12 00:48:58,689 - INFO - Login Successful!, Welcome KRATIK YADAV - Child2 ACCOUNT
2025-09-12 00:49:17,755 - INFO - {'t': 'om', 'norenordno': '25091100520780', 'uid': 'FA42242', 'actid': 'FA42242', 'exch': 'NFO', 'tsym': 'NIFTY16SEP25C24850', 'trantype': 'B', 'qty': '25', 'prc': '233.00', 'pcode': 'I', 'remarks': '', 'rejreason': 'ORA:Quantity 25 is not a multiple of lot size 75.00', 'status': 'REJECTED', 'reporttype': 'Rejected', 'prctyp': 'LMT', 'ret': 'DAY', 'exchordid': '', 'amo': 'Yes'}
2025-09-12 01:03:52,743 - INFO - Login Successful!, Welcome KRATIK YADAV - Child2 ACCOUNT
2025-09-12 01:04:35,966 - INFO - Login Successful!, Welcome KRATIK YADAV - Child2 ACCOUNT
2025-09-12 01:14:01,379 - INFO - Login Successful!, Welcome KRATIK YADAV - Child2 ACCOUNT
2025-09-12 01:15:57,469 - INFO - Login Successful!, Welcome KRATIK YADAV - Child2 ACCOUNT
2025-09-12 01:16:59,409 - INFO - Login Successful!, Welcome KRATIK YADAV - Child2 ACCOUNT
2025-09-12 01:23:43,490 - INFO - Login Successful!, Welcome KRATIK YADAV - Child2 ACCOUNT
2025-09-12 01:23:59,018 - INFO - {'t': 'om', 'norenordno': '25091100521002', 'uid': 'FA42242', 'actid': 'FA42242', 'exch': 'BFO', 'tsym': 'SENSEX2591881400CE', 'trantype': 'B', 'qty': '20', 'prc': '582.50', 'pcode': 'I', 'remarks': '', 'rejreason': ' ', 'status': 'PENDING', 'reporttype': 'NewAck', 'prctyp': 'LMT', 'ret': 'DAY', 'exchordid': '', 'dscqty': '0'}
2025-09-12 01:23:59,030 - INFO - {'t': 'om', 'norenordno': '25091100521002', 'uid': 'FA42242', 'actid': 'FA42242', 'exch': 'BFO', 'tsym': 'SENSEX2591881400CE', 'trantype': 'B', 'qty': '20', 'prc': '582.50', 'pcode': 'I', 'remarks': '', 'rejreason': 'RED:Block Type:NonSqroff Reason:MIS Intra-Day Orders are not allowed in BSE_FO[ FINV BFO I ]', 'status': 'REJECTED', 'reporttype': 'Rejected', 'prctyp': 'LMT', 'ret': 'DAY', 'exchordid': '', 'dscqty': '0'}
2025-09-12 01:23:59,106 - INFO - {'t': 'om', 'norenordno': '25091100521002', 'uid': 'FA42242', 'actid': 'FA42242', 'exch': 'BFO', 'tsym': 'SENSEX2591881400CE', 'trantype': 'B', 'qty': '20', 'prc': '582.50', 'pcode': 'I', 'remarks': '', 'rejreason': 'RED:Block Type:NonSqroff Reason:MIS Intra-Day Orders are not allowed in BSE_FO[ FINV BFO I ]', 'status': 'REJECTED', 'reporttype': 'Rejected', 'prctyp': 'LMT', 'ret': 'DAY', 'exchordid': '', 'dscqty': '0'}
2025-09-12 01:24:44,066 - INFO - Login Successful!, Welcome KRATIK YADAV - Child2 ACCOUNT
2025-09-12 01:24:55,977 - INFO - {'t': 'om', 'norenordno': '25091100521004', 'uid': 'FA42242', 'actid': 'FA42242', 'exch': 'BFO', 'tsym': 'SENSEX2591881200CE', 'trantype': 'B', 'qty': '20', 'prc': '730.05', 'pcode': 'I', 'remarks': '', 'rejreason': ' ', 'status': 'PENDING', 'reporttype': 'NewAck', 'prctyp': 'LMT', 'ret': 'DAY', 'exchordid': '', 'dscqty': '0'}
2025-09-12 01:24:56,024 - INFO - {'t': 'om', 'norenordno': '25091100521004', 'uid': 'FA42242', 'actid': 'FA42242', 'exch': 'BFO', 'tsym': 'SENSEX2591881200CE', 'trantype': 'B', 'qty': '20', 'prc': '730.05', 'pcode': 'I', 'remarks': '', 'rejreason': 'RED:Block Type:NonSqroff Reason:MIS Intra-Day Orders are not allowed in BSE_FO[ FINV BFO I ]', 'status': 'REJECTED', 'reporttype': 'Rejected', 'prctyp': 'LMT', 'ret': 'DAY', 'exchordid': '', 'dscqty': '0'}
2025-09-12 01:28:53,975 - INFO - Login Successful!, Welcome KRATIK YADAV - Child2 ACCOUNT
2025-09-12 01:29:09,290 - INFO - {'t': 'om', 'norenordno': '25091100521010', 'uid': 'FA42242', 'actid': 'FA42242', 'exch': 'NFO', 'tsym': 'NIFTY16SEP25C24800', 'trantype': 'B', 'qty': '25', 'prc': '274.50', 'pcode': 'I', 'remarks': '', 'rejreason': 'ORA:Quantity 25 is not a multiple of lot size 75.00', 'status': 'REJECTED', 'reporttype': 'Rejected', 'prctyp': 'LMT', 'ret': 'DAY', 'exchordid': '', 'amo': 'Yes'}
2025-09-12 01:33:35,219 - INFO - Login Successful!, Welcome KRATIK YADAV - Child2 ACCOUNT
2025-09-12 01:33:47,725 - INFO - {'t': 'om', 'norenordno': '25091100521019', 'uid': 'FA42242', 'actid': 'FA42242', 'exch': 'BFO', 'tsym': 'SENSEX2591881200CE', 'trantype': 'B', 'qty': '40', 'prc': '730.05', 'pcode': 'I', 'remarks': '', 'rejreason': ' ', 'status': 'PENDING', 'reporttype': 'NewAck', 'prctyp': 'LMT', 'ret': 'DAY', 'exchordid': '', 'dscqty': '0'}
2025-09-12 01:33:47,759 - INFO - {'t': 'om', 'norenordno': '25091100521019', 'uid': 'FA42242', 'actid': 'FA42242', 'exch': 'BFO', 'tsym': 'SENSEX2591881200CE', 'trantype': 'B', 'qty': '40', 'prc': '730.05', 'pcode': 'I', 'remarks': '', 'rejreason': 'RED:Block Type:NonSqroff Reason:MIS Intra-Day Orders are not allowed in BSE_FO[ FINV BFO I ]', 'status': 'REJECTED', 'reporttype': 'Rejected', 'prctyp': 'LMT', 'ret': 'DAY', 'exchordid': '', 'dscqty': '0'}
2025-09-12 01:38:19,025 - INFO - Login Successful!, Welcome KRATIK YADAV - Child2 ACCOUNT
2025-09-12 01:38:36,747 - INFO - {'t': 'om', 'norenordno': '25091100521032', 'uid': 'FA42242', 'actid': 'FA42242', 'exch': 'BFO', 'tsym': 'SENSEX2591881100CE', 'trantype': 'B', 'qty': '60', 'prc': '805.00', 'pcode': 'I', 'remarks': '', 'rejreason': ' ', 'status': 'PENDING', 'reporttype': 'NewAck', 'prctyp': 'LMT', 'ret': 'DAY', 'exchordid': '', 'dscqty': '0'}
2025-09-12 01:38:36,759 - INFO - {'t': 'om', 'norenordno': '25091100521032', 'uid': 'FA42242', 'actid': 'FA42242', 'exch': 'BFO', 'tsym': 'SENSEX2591881100CE', 'trantype': 'B', 'qty': '60', 'prc': '805.00', 'pcode': 'I', 'remarks': '', 'rejreason': 'RED:Block Type:NonSqroff Reason:MIS Intra-Day Orders are not allowed in BSE_FO[ FINV BFO I ]', 'status': 'REJECTED', 'reporttype': 'Rejected', 'prctyp': 'LMT', 'ret': 'DAY', 'exchordid': '', 'dscqty': '0'}
2025-09-12 01:41:49,531 - INFO - Login Successful!, Welcome KRATIK YADAV - Child2 ACCOUNT
2025-09-12 01:42:03,159 - INFO - {'t': 'om', 'norenordno': '25091100521036', 'uid': 'FA42242', 'actid': 'FA42242', 'exch': 'BFO', 'tsym': 'SENSEX2591881200CE', 'trantype': 'B', 'qty': '80', 'prc': '730.05', 'pcode': 'I', 'remarks': '', 'rejreason': ' ', 'status': 'PENDING', 'reporttype': 'NewAck', 'prctyp': 'LMT', 'ret': 'DAY', 'exchordid': '', 'dscqty': '0'}
2025-09-12 01:42:03,198 - INFO - {'t': 'om', 'norenordno': '25091100521036', 'uid': 'FA42242', 'actid': 'FA42242', 'exch': 'BFO', 'tsym': 'SENSEX2591881200CE', 'trantype': 'B', 'qty': '80', 'prc': '730.05', 'pcode': 'I', 'remarks': '', 'rejreason': 'RED:Block Type:NonSqroff Reason:MIS Intra-Day Orders are not allowed in BSE_FO[ FINV BFO I ]', 'status': 'REJECTED', 'reporttype': 'Rejected', 'prctyp': 'LMT', 'ret': 'DAY', 'exchordid': '', 'dscqty': '0'}
2025-09-12 01:52:39,746 - INFO - Login Successful!, Welcome KRATIK YADAV - Child2 ACCOUNT
2025-09-12 02:01:44,215 - INFO - Login Successful!, Welcome KRATIK YADAV - Child2 ACCOUNT
2025-09-12 02:02:00,378 - INFO - {'t': 'om', 'norenordno': '25091100521065', 'uid': 'FA42242', 'actid': 'FA42242', 'exch': 'BFO', 'tsym': 'SENSEX2591881100CE', 'trantype': 'B', 'qty': '60', 'prc': '805.00', 'pcode': 'I', 'remarks': '', 'rejreason': ' ', 'status': 'PENDING', 'reporttype': 'NewAck', 'prctyp': 'LMT', 'ret': 'DAY', 'exchordid': '', 'dscqty': '0'}
2025-09-12 02:02:00,407 - INFO - {'t': 'om', 'norenordno': '25091100521065', 'uid': 'FA42242', 'actid': 'FA42242', 'exch': 'BFO', 'tsym': 'SENSEX2591881100CE', 'trantype': 'B', 'qty': '60', 'prc': '805.00', 'pcode': 'I', 'remarks': '', 'rejreason': 'RED:Block Type:NonSqroff Reason:MIS Intra-Day Orders are not allowed in BSE_FO[ FINV BFO I ]', 'status': 'REJECTED', 'reporttype': 'Rejected', 'prctyp': 'LMT', 'ret': 'DAY', 'exchordid': '', 'dscqty': '0'}
2025-09-12 02:04:28,175 - INFO - Login Successful!, Welcome KRATIK YADAV - Child2 ACCOUNT
2025-09-12 02:05:23,754 - INFO - {'t': 'om', 'norenordno': '25091100521075', 'uid': 'FA42242', 'actid': 'FA42242', 'exch': 'BFO', 'tsym': 'SENSEX2591881000CE', 'trantype': 'B', 'qty': '40', 'prc': '800.00', 'pcode': 'I', 'remarks': '', 'rejreason': ' ', 'status': 'PENDING', 'reporttype': 'NewAck', 'prctyp': 'LMT', 'ret': 'DAY', 'exchordid': '', 'dscqty': '0'}
2025-09-12 02:05:23,786 - INFO - {'t': 'om', 'norenordno': '25091100521075', 'uid': 'FA42242', 'actid': 'FA42242', 'exch': 'BFO', 'tsym': 'SENSEX2591881000CE', 'trantype': 'B', 'qty': '40', 'prc': '800.00', 'pcode': 'I', 'remarks': '', 'rejreason': 'RED:Block Type:NonSqroff Reason:MIS Intra-Day Orders are not allowed in BSE_FO[ FINV BFO I ]', 'status': 'REJECTED', 'reporttype': 'Rejected', 'prctyp': 'LMT', 'ret': 'DAY', 'exchordid': '', 'dscqty': '0'}
2025-09-12 02:30:20,613 - INFO - Login Successful!, Welcome KRATIK YADAV - Child2 ACCOUNT
2025-09-12 02:30:32,850 - INFO - {'t': 'om', 'norenordno': '25091100521103', 'uid': 'FA42242', 'actid': 'FA42242', 'exch': 'BFO', 'tsym': 'SENSEX2591881000CE', 'trantype': 'B', 'qty': '40', 'prc': '883.75', 'pcode': 'I', 'remarks': '', 'rejreason': ' ', 'status': 'PENDING', 'reporttype': 'NewAck', 'prctyp': 'LMT', 'ret': 'DAY', 'exchordid': '', 'dscqty': '0'}
2025-09-12 02:30:32,921 - INFO - {'t': 'om', 'norenordno': '25091100521103', 'uid': 'FA42242', 'actid': 'FA42242', 'exch': 'BFO', 'tsym': 'SENSEX2591881000CE', 'trantype': 'B', 'qty': '40', 'prc': '883.75', 'pcode': 'I', 'remarks': '', 'rejreason': 'RED:Block Type:NonSqroff Reason:MIS Intra-Day Orders are not allowed in BSE_FO[ FINV BFO I ]', 'status': 'REJECTED', 'reporttype': 'Rejected', 'prctyp': 'LMT', 'ret': 'DAY', 'exchordid': '', 'dscqty': '0'}
2025-09-12 03:29:42,057 - INFO - Login Successful!, Welcome KRATIK YADAV - Child2 ACCOUNT
2025-09-12 03:29:56,169 - INFO - {'t': 'om', 'norenordno': '25091100521317', 'uid': 'FA42242', 'actid': 'FA42242', 'exch': 'BFO', 'tsym': 'SENSEX2591881100CE', 'trantype': 'B', 'qty': '40', 'prc': '805.00', 'pcode': 'I', 'remarks': '', 'rejreason': ' ', 'status': 'PENDING', 'reporttype': 'NewAck', 'prctyp': 'LMT', 'ret': 'DAY', 'exchordid': '', 'dscqty': '0'}
2025-09-12 03:29:56,197 - INFO - {'t': 'om', 'norenordno': '25091100521317', 'uid': 'FA42242', 'actid': 'FA42242', 'exch': 'BFO', 'tsym': 'SENSEX2591881100CE', 'trantype': 'B', 'qty': '40', 'prc': '805.00', 'pcode': 'I', 'remarks': '', 'rejreason': 'RED:Block Type:NonSqroff Reason:MIS Intra-Day Orders are not allowed in BSE_FO[ FINV BFO I ]', 'status': 'REJECTED', 'reporttype': 'Rejected', 'prctyp': 'LMT', 'ret': 'DAY', 'exchordid': '', 'dscqty': '0'}
2025-09-12 03:30:14,105 - INFO - {'t': 'om', 'norenordno': '25091100521317', 'uid': 'FA42242', 'actid': 'FA42242', 'exch': 'BFO', 'tsym': 'SENSEX2591881100CE', 'trantype': 'B', 'qty': '40', 'prc': '805.00', 'pcode': 'I', 'remarks': '', 'rejreason': 'SAF:order is not open to modify', 'status': 'REJECTED', 'reporttype': 'ReplaceRejected', 'prctyp': 'LMT', 'ret': 'DAY', 'exchordid': '', 'dscqty': '0'}
2025-09-12 03:31:05,399 - INFO - {'t': 'om', 'norenordno': '25091100521319', 'uid': 'FA42242', 'actid': 'FA42242', 'exch': 'BFO', 'tsym': 'SENSEX2591881100CE', 'trantype': 'S', 'qty': '40', 'prc': '809.00', 'pcode': 'I', 'remarks': '', 'rejreason': ' ', 'status': 'PENDING', 'reporttype': 'NewAck', 'prctyp': 'LMT', 'ret': 'DAY', 'exchordid': '', 'dscqty': '0'}
2025-09-12 03:31:05,421 - INFO - {'t': 'om', 'norenordno': '25091100521319', 'uid': 'FA42242', 'actid': 'FA42242', 'exch': 'BFO', 'tsym': 'SENSEX2591881100CE', 'trantype': 'S', 'qty': '40', 'prc': '809.00', 'pcode': 'I', 'remarks': '', 'rejreason': 'RED:Block Type:NonSqroff Reason:MIS Intra-Day Orders are not allowed in BSE_FO[ FINV BFO I ]', 'status': 'REJECTED', 'reporttype': 'Rejected', 'prctyp': 'LMT', 'ret': 'DAY', 'exchordid': '', 'dscqty': '0'}
