2025-09-12 00:03:04,297 - INFO - Login Successful!, Welcome ROOPAL SONI - Master ACCOUNT
2025-09-12 00:19:34,206 - INFO - Login Successful!, Welcome ROOPAL SONI - Master ACCOUNT
2025-09-12 00:23:32,699 - INFO - Login Successful!, Welcome ROOPAL SONI - Master ACCOUNT
2025-09-12 00:25:30,471 - INFO - Login Successful!, Welcome ROOPAL SONI - Master ACCOUNT
2025-09-12 00:26:39,426 - INFO - Login Successful!, Welcome ROOPAL SONI - Master ACCOUNT
2025-09-12 00:27:18,624 - INFO - Login Successful!, Welcome ROOPAL SONI - Master ACCOUNT
2025-09-12 00:27:25,226 - INFO - Login Successful!, Welcome ROOPAL SONI - Master ACCOUNT
2025-09-12 00:29:09,731 - INFO - Login Successful!, Welcome ROOPAL SONI - Master ACCOUNT
2025-09-12 00:29:49,729 - INFO - Login Successful!, Welcome ROOPAL SONI - Master ACCOUNT
2025-09-12 00:33:59,538 - INFO - Login Successful!, Welcome ROOPAL SONI - Master ACCOUNT
2025-09-12 00:47:32,682 - INFO - Login Successful!, Welcome ROOPAL SONI - Master ACCOUNT
2025-09-12 00:48:52,830 - INFO - Login Successful!, Welcome ROOPAL SONI - Master ACCOUNT
2025-09-12 00:49:17,736 - INFO - {'t': 'om', 'norenordno': '25091100520779', 'uid': 'FA32246', 'actid': 'FA32246', 'exch': 'NFO', 'tsym': 'NIFTY16SEP25C24850', 'trantype': 'B', 'qty': '75', 'prc': '233.00', 'pcode': 'I', 'remarks': '', 'rejreason': ' ', 'status': 'PENDING', 'reporttype': 'NewAck', 'prctyp': 'LMT', 'ret': 'DAY', 'exchordid': '', 'dscqty': '0'}
2025-09-12 00:49:17,755 - INFO - {'t': 'om', 'norenordno': '25091100520779', 'uid': 'FA32246', 'actid': 'FA32246', 'exch': 'NFO', 'tsym': 'NIFTY16SEP25C24850', 'trantype': 'B', 'qty': '75', 'prc': '233.00', 'pcode': 'I', 'remarks': '', 'rejreason': "RED:'MIS' Orders are disallowed after system square off", 'status': 'REJECTED', 'reporttype': 'Rejected', 'prctyp': 'LMT', 'ret': 'DAY', 'exchordid': '', 'dscqty': '0'}
2025-09-12 01:03:41,844 - INFO - Login Successful!, Welcome ROOPAL SONI - Master ACCOUNT
2025-09-12 01:04:08,830 - INFO - {'t': 'om', 'norenordno': '25091100520947', 'uid': 'FA32246', 'actid': 'FA32246', 'exch': 'BFO', 'tsym': 'SENSEX2591881200CE', 'trantype': 'B', 'qty': '60', 'prc': '730.05', 'pcode': 'I', 'remarks': '', 'rejreason': ' ', 'status': 'PENDING', 'reporttype': 'NewAck', 'prctyp': 'LMT', 'ret': 'DAY', 'exchordid': '', 'dscqty': '0'}
2025-09-12 01:04:08,931 - INFO - {'t': 'om', 'norenordno': '25091100520947', 'uid': 'FA32246', 'actid': 'FA32246', 'exch': 'BFO', 'tsym': 'SENSEX2591881200CE', 'trantype': 'B', 'qty': '60', 'prc': '730.05', 'pcode': 'I', 'remarks': '', 'rejreason': 'RED:Block Type:NonSqroff Reason:MIS Intra-Day Orders are not allowed in BSE_FO[ FINV BFO I ]', 'status': 'REJECTED', 'reporttype': 'Rejected', 'prctyp': 'LMT', 'ret': 'DAY', 'exchordid': '', 'dscqty': '0'}
2025-09-12 01:04:17,677 - INFO - Login Successful!, Welcome ROOPAL SONI - Master ACCOUNT
2025-09-12 01:04:32,377 - INFO - Login Successful!, Welcome ROOPAL SONI - Master ACCOUNT
2025-09-12 01:04:33,881 - INFO - Login Successful!, Welcome ROOPAL SONI - Master ACCOUNT
2025-09-12 01:04:50,423 - INFO - {'t': 'om', 'norenordno': '25091100520950', 'uid': 'FA32246', 'actid': 'FA32246', 'exch': 'BFO', 'tsym': 'SENSEX2591881200CE', 'trantype': 'B', 'qty': '60', 'prc': '730.05', 'pcode': 'I', 'remarks': '', 'rejreason': ' ', 'status': 'PENDING', 'reporttype': 'NewAck', 'prctyp': 'LMT', 'ret': 'DAY', 'exchordid': '', 'dscqty': '0'}
2025-09-12 01:04:50,425 - INFO - {'t': 'om', 'norenordno': '25091100520950', 'uid': 'FA32246', 'actid': 'FA32246', 'exch': 'BFO', 'tsym': 'SENSEX2591881200CE', 'trantype': 'B', 'qty': '60', 'prc': '730.05', 'pcode': 'I', 'remarks': '', 'rejreason': ' ', 'status': 'PENDING', 'reporttype': 'NewAck', 'prctyp': 'LMT', 'ret': 'DAY', 'exchordid': '', 'dscqty': '0'}
2025-09-12 01:04:50,443 - INFO - {'t': 'om', 'norenordno': '25091100520950', 'uid': 'FA32246', 'actid': 'FA32246', 'exch': 'BFO', 'tsym': 'SENSEX2591881200CE', 'trantype': 'B', 'qty': '60', 'prc': '730.05', 'pcode': 'I', 'remarks': '', 'rejreason': 'RED:Block Type:NonSqroff Reason:MIS Intra-Day Orders are not allowed in BSE_FO[ FINV BFO I ]', 'status': 'REJECTED', 'reporttype': 'Rejected', 'prctyp': 'LMT', 'ret': 'DAY', 'exchordid': '', 'dscqty': '0'}
2025-09-12 01:08:00,464 - INFO - Login Successful!, Welcome ROOPAL SONI - Master ACCOUNT
2025-09-12 01:10:17,924 - INFO - Login Successful!, Welcome ROOPAL SONI - Master ACCOUNT
2025-09-12 01:10:40,471 - INFO - {'t': 'om', 'norenordno': '25091100520966', 'uid': 'FA32246', 'actid': 'FA32246', 'exch': 'NFO', 'tsym': 'NIFTY16SEP25C24800', 'trantype': 'B', 'qty': '150', 'prc': '274.50', 'pcode': 'I', 'remarks': '', 'rejreason': ' ', 'status': 'PENDING', 'reporttype': 'NewAck', 'prctyp': 'LMT', 'ret': 'DAY', 'exchordid': '', 'dscqty': '0'}
2025-09-12 01:10:40,492 - INFO - {'t': 'om', 'norenordno': '25091100520966', 'uid': 'FA32246', 'actid': 'FA32246', 'exch': 'NFO', 'tsym': 'NIFTY16SEP25C24800', 'trantype': 'B', 'qty': '150', 'prc': '274.50', 'pcode': 'I', 'remarks': '', 'rejreason': "RED:'MIS' Orders are disallowed after system square off", 'status': 'REJECTED', 'reporttype': 'Rejected', 'prctyp': 'LMT', 'ret': 'DAY', 'exchordid': '', 'dscqty': '0'}
2025-09-12 01:12:23,598 - INFO - {'t': 'om', 'norenordno': '25091100520968', 'uid': 'FA32246', 'actid': 'FA32246', 'exch': 'NFO', 'tsym': 'NIFTY16SEP25C24800', 'trantype': 'B', 'qty': '150', 'prc': '274.50', 'pcode': 'I', 'remarks': '', 'rejreason': ' ', 'status': 'PENDING', 'reporttype': 'NewAck', 'prctyp': 'LMT', 'ret': 'DAY', 'exchordid': '', 'dscqty': '0'}
2025-09-12 01:12:23,625 - INFO - {'t': 'om', 'norenordno': '25091100520968', 'uid': 'FA32246', 'actid': 'FA32246', 'exch': 'NFO', 'tsym': 'NIFTY16SEP25C24800', 'trantype': 'B', 'qty': '150', 'prc': '274.50', 'pcode': 'I', 'remarks': '', 'rejreason': "RED:'MIS' Orders are disallowed after system square off", 'status': 'REJECTED', 'reporttype': 'Rejected', 'prctyp': 'LMT', 'ret': 'DAY', 'exchordid': '', 'dscqty': '0'}
2025-09-12 01:13:41,464 - INFO - Login Successful!, Welcome ROOPAL SONI - Master ACCOUNT
2025-09-12 01:13:59,149 - INFO - Login Successful!, Welcome ROOPAL SONI - Master ACCOUNT
2025-09-12 01:14:15,357 - INFO - {'t': 'om', 'norenordno': '25091100520978', 'uid': 'FA32246', 'actid': 'FA32246', 'exch': 'BFO', 'tsym': 'SENSEX2591881100CE', 'trantype': 'B', 'qty': '100', 'prc': '805.00', 'pcode': 'I', 'remarks': '', 'rejreason': ' ', 'status': 'PENDING', 'reporttype': 'NewAck', 'prctyp': 'LMT', 'ret': 'DAY', 'exchordid': '', 'dscqty': '0'}
2025-09-12 01:14:15,383 - INFO - {'t': 'om', 'norenordno': '25091100520978', 'uid': 'FA32246', 'actid': 'FA32246', 'exch': 'BFO', 'tsym': 'SENSEX2591881100CE', 'trantype': 'B', 'qty': '100', 'prc': '805.00', 'pcode': 'I', 'remarks': '', 'rejreason': 'RED:Block Type:NonSqroff Reason:MIS Intra-Day Orders are not allowed in BSE_FO[ FINV BFO I ]', 'status': 'REJECTED', 'reporttype': 'Rejected', 'prctyp': 'LMT', 'ret': 'DAY', 'exchordid': '', 'dscqty': '0'}
2025-09-12 01:15:56,875 - INFO - Login Successful!, Welcome ROOPAL SONI - Master ACCOUNT
2025-09-12 01:16:23,443 - INFO - Login Successful!, Welcome ROOPAL SONI - Master ACCOUNT
2025-09-12 01:16:47,467 - INFO - {'t': 'om', 'norenordno': '25091100520989', 'uid': 'FA32246', 'actid': 'FA32246', 'exch': 'BFO', 'tsym': 'SENSEX2591881200CE', 'trantype': 'B', 'qty': '40', 'prc': '730.05', 'pcode': 'I', 'remarks': '', 'rejreason': ' ', 'status': 'PENDING', 'reporttype': 'NewAck', 'prctyp': 'LMT', 'ret': 'DAY', 'exchordid': '', 'dscqty': '0'}
2025-09-12 01:16:47,478 - INFO - {'t': 'om', 'norenordno': '25091100520989', 'uid': 'FA32246', 'actid': 'FA32246', 'exch': 'BFO', 'tsym': 'SENSEX2591881200CE', 'trantype': 'B', 'qty': '40', 'prc': '730.05', 'pcode': 'I', 'remarks': '', 'rejreason': 'RED:Block Type:NonSqroff Reason:MIS Intra-Day Orders are not allowed in BSE_FO[ FINV BFO I ]', 'status': 'REJECTED', 'reporttype': 'Rejected', 'prctyp': 'LMT', 'ret': 'DAY', 'exchordid': '', 'dscqty': '0'}
2025-09-12 01:17:07,277 - INFO - {'t': 'om', 'norenordno': '25091100520994', 'uid': 'FA32246', 'actid': 'FA32246', 'exch': 'BFO', 'tsym': 'SENSEX2591881200CE', 'trantype': 'B', 'qty': '40', 'prc': '730.05', 'pcode': 'I', 'remarks': '', 'rejreason': ' ', 'status': 'PENDING', 'reporttype': 'NewAck', 'prctyp': 'LMT', 'ret': 'DAY', 'exchordid': '', 'dscqty': '0'}
2025-09-12 01:17:07,300 - INFO - {'t': 'om', 'norenordno': '25091100520994', 'uid': 'FA32246', 'actid': 'FA32246', 'exch': 'BFO', 'tsym': 'SENSEX2591881200CE', 'trantype': 'B', 'qty': '40', 'prc': '730.05', 'pcode': 'I', 'remarks': '', 'rejreason': 'RED:Block Type:NonSqroff Reason:MIS Intra-Day Orders are not allowed in BSE_FO[ FINV BFO I ]', 'status': 'REJECTED', 'reporttype': 'Rejected', 'prctyp': 'LMT', 'ret': 'DAY', 'exchordid': '', 'dscqty': '0'}
2025-09-12 01:22:20,444 - INFO - Login Successful!, Welcome ROOPAL SONI - Master ACCOUNT
2025-09-12 01:23:59,063 - INFO - {'t': 'om', 'norenordno': '25091100521003', 'uid': 'FA32246', 'actid': 'FA32246', 'exch': 'BFO', 'tsym': 'SENSEX2591881400CE', 'trantype': 'B', 'qty': '60', 'prc': '582.50', 'pcode': 'I', 'remarks': '', 'rejreason': ' ', 'status': 'PENDING', 'reporttype': 'NewAck', 'prctyp': 'LMT', 'ret': 'DAY', 'exchordid': '', 'dscqty': '0'}
2025-09-12 01:23:59,066 - INFO - {'t': 'om', 'norenordno': '25091100521003', 'uid': 'FA32246', 'actid': 'FA32246', 'exch': 'BFO', 'tsym': 'SENSEX2591881400CE', 'trantype': 'B', 'qty': '60', 'prc': '582.50', 'pcode': 'I', 'remarks': '', 'rejreason': ' ', 'status': 'PENDING', 'reporttype': 'NewAck', 'prctyp': 'LMT', 'ret': 'DAY', 'exchordid': '', 'dscqty': '0'}
2025-09-12 01:23:59,089 - INFO - {'t': 'om', 'norenordno': '25091100521003', 'uid': 'FA32246', 'actid': 'FA32246', 'exch': 'BFO', 'tsym': 'SENSEX2591881400CE', 'trantype': 'B', 'qty': '60', 'prc': '582.50', 'pcode': 'I', 'remarks': '', 'rejreason': 'RED:Block Type:NonSqroff Reason:MIS Intra-Day Orders are not allowed in BSE_FO[ FINV BFO I ]', 'status': 'REJECTED', 'reporttype': 'Rejected', 'prctyp': 'LMT', 'ret': 'DAY', 'exchordid': '', 'dscqty': '0'}
2025-09-12 01:23:59,107 - INFO - {'t': 'om', 'norenordno': '25091100521003', 'uid': 'FA32246', 'actid': 'FA32246', 'exch': 'BFO', 'tsym': 'SENSEX2591881400CE', 'trantype': 'B', 'qty': '60', 'prc': '582.50', 'pcode': 'I', 'remarks': '', 'rejreason': 'RED:Block Type:NonSqroff Reason:MIS Intra-Day Orders are not allowed in BSE_FO[ FINV BFO I ]', 'status': 'REJECTED', 'reporttype': 'Rejected', 'prctyp': 'LMT', 'ret': 'DAY', 'exchordid': '', 'dscqty': '0'}
2025-09-12 01:24:41,875 - INFO - Login Successful!, Welcome ROOPAL SONI - Master ACCOUNT
2025-09-12 01:24:56,000 - INFO - {'t': 'om', 'norenordno': '25091100521005', 'uid': 'FA32246', 'actid': 'FA32246', 'exch': 'BFO', 'tsym': 'SENSEX2591881200CE', 'trantype': 'B', 'qty': '40', 'prc': '730.05', 'pcode': 'I', 'remarks': '', 'rejreason': ' ', 'status': 'PENDING', 'reporttype': 'NewAck', 'prctyp': 'LMT', 'ret': 'DAY', 'exchordid': '', 'dscqty': '0'}
2025-09-12 01:24:56,029 - INFO - {'t': 'om', 'norenordno': '25091100521005', 'uid': 'FA32246', 'actid': 'FA32246', 'exch': 'BFO', 'tsym': 'SENSEX2591881200CE', 'trantype': 'B', 'qty': '40', 'prc': '730.05', 'pcode': 'I', 'remarks': '', 'rejreason': 'RED:Block Type:NonSqroff Reason:MIS Intra-Day Orders are not allowed in BSE_FO[ FINV BFO I ]', 'status': 'REJECTED', 'reporttype': 'Rejected', 'prctyp': 'LMT', 'ret': 'DAY', 'exchordid': '', 'dscqty': '0'}
